<?xml version="1.0" encoding="UTF-8"?>
<!-- Generated by org.testng.reporters.JUnitXMLReporter -->
<testsuite ignored="5" hostname="LAPTOP-RTJ3JPGR" failures="0" tests="1" name="Alert Test" time="17.82" errors="0" timestamp="2024-08-04T19:21:16 IST">
  <testcase classname="testNgCode.GroupTestCase" name="alertHandle" time="12.196"/>
  <testcase classname="testNgCode.GroupTestCase" name="checkBox" time="0.0">
    <ignored/>
  </testcase> <!-- checkBox -->
  <testcase classname="testNgCode.GroupTestCase" name="personalDetails" time="0.0">
    <ignored/>
  </testcase> <!-- personalDetails -->
  <testcase classname="testNgCode.GroupTestCase" name="login" time="0.0">
    <ignored/>
  </testcase> <!-- login -->
  <testcase classname="testNgCode.GroupTestCase" name="explicitWait" time="0.0">
    <ignored/>
  </testcase> <!-- explicitWait -->
  <testcase classname="testNgCode.GroupTestCase" name="smallBusiness" time="0.0">
    <ignored/>
  </testcase> <!-- smallBusiness -->
</testsuite> <!-- Alert Test -->
