<?xml version="1.0" encoding="UTF-8"?>
<!-- Generated by org.testng.reporters.JUnitXMLReporter -->
<testsuite ignored="7" hostname="LAPTOP-RTJ3JPGR" failures="0" tests="8" name="smokeTest" time="0.087" errors="0" timestamp="2024-08-04T22:55:34 IST">
  <testcase classname="groupingInTestNG.Group1" name="TC001" time="0.01"/>
  <testcase classname="groupingInTestNG.Group1" name="TC003" time="0.002"/>
  <testcase classname="groupingInTestNG.Group1" name="TC004" time="0.003"/>
  <testcase classname="groupingInTestNG.Group1" name="TC005" time="0.002"/>
  <testcase classname="groupingInTestNG.Group2" name="TC006" time="0.002"/>
  <testcase classname="groupingInTestNG.Group2" name="TC008" time="0.002"/>
  <testcase classname="groupingInTestNG.Group2" name="TC009" time="0.003"/>
  <testcase classname="groupingInTestNG.Group2" name="TC010" time="0.002"/>
  <testcase classname="groupingInTestNG.Group3" name="TC007" time="0.0">
    <ignored/>
  </testcase> <!-- TC007 -->
  <testcase classname="groupingInTestNG.Group3" name="TC006" time="0.0">
    <ignored/>
  </testcase> <!-- TC006 -->
  <testcase classname="groupingInTestNG.Group1" name="TC002" time="0.0">
    <ignored/>
  </testcase> <!-- TC002 -->
  <testcase classname="groupingInTestNG.Group3" name="TC009" time="0.0">
    <ignored/>
  </testcase> <!-- TC009 -->
  <testcase classname="groupingInTestNG.Group2" name="TC007" time="0.0">
    <ignored/>
  </testcase> <!-- TC007 -->
  <testcase classname="groupingInTestNG.Group3" name="TC008" time="0.0">
    <ignored/>
  </testcase> <!-- TC008 -->
  <testcase classname="groupingInTestNG.Group3" name="TC010" time="0.0">
    <ignored/>
  </testcase> <!-- TC010 -->
</testsuite> <!-- smokeTest -->
