<?xml version="1.0" encoding="UTF-8"?>
<!-- Generated by org.testng.reporters.JUnitXMLReporter -->
<testsuite ignored="3" hostname="LAPTOP-RTJ3JPGR" failures="0" tests="3" name="Test Fire" time="22.037" errors="0" timestamp="2024-07-29T22:39:08 IST">
  <testcase classname="testNgCode.GroupTestCase" name="login" time="2.819"/>
  <testcase classname="testNgCode.GroupTestCase" name="personalDetails" time="8.069"/>
  <testcase classname="testNgCode.GroupTestCase" name="smallBusiness" time="2.651"/>
  <testcase classname="testNgCode.GroupTestCase" name="explicitWait" time="0.0">
    <ignored/>
  </testcase> <!-- explicitWait -->
  <testcase classname="testNgCode.GroupTestCase" name="alertHandle" time="0.0">
    <ignored/>
  </testcase> <!-- alertHandle -->
  <testcase classname="testNgCode.GroupTestCase" name="checkBox" time="0.0">
    <ignored/>
  </testcase> <!-- checkBox -->
</testsuite> <!-- Test Fire -->
