<?xml version="1.0" encoding="UTF-8"?>
<!-- Generated by org.testng.reporters.JUnitXMLReporter -->
<testsuite ignored="5" hostname="LAPTOP-RTJ3JPGR" failures="0" tests="1" name="Wait Test" time="31.537" errors="0" timestamp="2024-08-04T19:20:58 IST">
  <testcase classname="testNgCode.GroupTestCase" name="explicitWait" time="21.626"/>
  <testcase classname="testNgCode.GroupTestCase" name="alertHandle" time="0.0">
    <ignored/>
  </testcase> <!-- alertHandle -->
  <testcase classname="testNgCode.GroupTestCase" name="smallBusiness" time="0.0">
    <ignored/>
  </testcase> <!-- smallBusiness -->
  <testcase classname="testNgCode.GroupTestCase" name="login" time="0.0">
    <ignored/>
  </testcase> <!-- login -->
  <testcase classname="testNgCode.GroupTestCase" name="personalDetails" time="0.0">
    <ignored/>
  </testcase> <!-- personalDetails -->
  <testcase classname="testNgCode.GroupTestCase" name="checkBox" time="0.0">
    <ignored/>
  </testcase> <!-- checkBox -->
</testsuite> <!-- Wait Test -->
