<?xml version="1.0" encoding="UTF-8"?>
<!-- Generated by org.testng.reporters.JUnitXMLReporter -->
<testsuite ignored="2" hostname="LAPTOP-RTJ3JPGR" failures="0" tests="1" name="Test(failed)" time="14.606" errors="0" timestamp="2024-07-23T21:04:04 IST">
  <testcase classname="testNgCode.LoginBanking" name="smallBusiness" time="3.17"/>
  <testcase classname="testNgCode.LoginBanking" name="verify" time="0.0">
    <ignored/>
  </testcase> <!-- verify -->
  <testcase classname="testNgCode.LoginBanking" name="personalDetails" time="0.0">
    <ignored/>
  </testcase> <!-- personalDetails -->
</testsuite> <!-- Test(failed) -->
