<?xml version="1.0" encoding="UTF-8"?>
<testng-results ignored="0" total="1" passed="1" failed="0" skipped="0">
  <reporter-output>
  </reporter-output>
  <suite started-at="2024-09-09T19:42:08 IST" name="Suite" finished-at="2024-09-09T19:42:14 IST" duration-ms="6285">
    <groups>
    </groups>
    <test started-at="2024-09-09T19:42:08 IST" name="Test" finished-at="2024-09-09T19:42:14 IST" duration-ms="6285">
      <class name="testNgCode.DatePickerJquery">
        <test-method signature="datePicker()[pri:0, instance:testNgCode.DatePickerJquery@194bcebf]" started-at="2024-09-09T19:42:08 IST" name="datePicker" finished-at="2024-09-09T19:42:14 IST" duration-ms="6243" status="PASS">
          <reporter-output>
          </reporter-output>
        </test-method> <!-- datePicker -->
      </class> <!-- testNgCode.DatePickerJquery -->
    </test> <!-- Test -->
  </suite> <!-- Suite -->
</testng-results>
